<?xml version="1.0" encoding="UTF-8"?>
<!-- Generated by org.testng.reporters.JUnitReportReporter -->
<testsuite hostname="DESKTOP-K42MMMR" failures="0" tests="1" name="com.TestRunner.Demo.TestRunner" time="36.140" errors="0" timestamp="2020-11-09T23:31:46 CST" skipped="0">
  <testcase classname="com.TestRunner.Demo.TestRunner" name="feature" time="36.140"/>
  <system-out/>
</testsuite> <!-- com.TestRunner.Demo.TestRunner -->
