<?xml version="1.0" encoding="UTF-8"?>
<!-- Generated by org.testng.reporters.JUnitReportReporter -->
<testsuite hostname="DESKTOP-K42MMMR" failures="0" tests="1" name="com.TestRunner.Demo.TestRunner2" time="11.724" errors="0" timestamp="09 Oct 2020 03:39:47 GMT" skipped="0">
  <testcase classname="com.TestRunner.Demo.TestRunner2" name="feature" time="11.724"/>
</testsuite> <!-- com.TestRunner.Demo.TestRunner2 -->
