<?xml version="1.0" encoding="UTF-8"?>
<!-- Generated by org.testng.reporters.JUnitReportReporter -->
<testsuite hostname="DESKTOP-K42MMMR" failures="0" tests="1" name="com.TestRunner.Demo.TestRunner" time="29.409" errors="0" timestamp="10 Nov 2020 05:59:10 GMT" skipped="0">
  <testcase classname="com.TestRunner.Demo.TestRunner" name="feature" time="29.409"/>
</testsuite> <!-- com.TestRunner.Demo.TestRunner -->
